False
40472
0
False
40472
1
False
40472
2
False
40472
3
False
40472
4
False
40472
5
False
40472
6
False
40472
7
False
40472
8
False
40472
9
False
40472
10
False
40472
11
False
40472
12
False
40472
13
False
40472
14
False
40472
15
False
40472
16
False
40472
17
False
40472
18
False
40472
19
False
40472
20
False
40472
21
False
40472
22
False
40472
23
False
40472
24
False
40472
25
False
40472
26
False
40472
27
False
40472
28
False
40472
29
False
40472
30
False
40472
31
False
40472
32
False
40472
33
False
40472
34
False
40472
35
False
40472
36
False
40472
37
False
40472
38
False
40472
39
False
40472
40
False
40472
41
False
40472
42
False
40472
43
False
40472
44
False
40472
45
False
40472
46
False
40472
47
False
40472
48
False
40472
49
False
40472
50
False
40472
51
False
40472
52
False
40472
53
False
40472
54
False
40472
55
False
40472
56
False
40472
57
False
40472
58
False
40472
59
False
40472
60
False
40472
61
False
40472
62
False
40472
63
False
40472
64
False
40472
65
False
40472
66
False
40472
67
False
40472
68
False
40472
69
False
40472
70
False
40472
71
False
40472
72
False
40472
73
False
40472
74
False
40472
75
False
40472
76
False
40472
77
False
40472
78
False
40472
79
False
40472
80
False
40472
81
False
40472
82
False
40472
83
False
40472
84
False
40472
85
False
40472
86
False
40472
87
False
40472
88
False
40472
89
False
40472
90
False
40472
91
False
40472
92
False
40472
93
False
40472
94
False
40472
95
False
40472
96
False
40472
97
False
40472
98
False
40472
99
False
40472
100
False
40472
101
False
40472
102
False
40472
103
False
40472
104
False
40472
105
False
40472
106
False
40472
107
False
40472
108
False
40472
109
False
40472
110
False
40472
111
False
40472
112
False
40472
113
False
40472
114
False
40472
115
False
40472
116
False
40472
117
False
40472
118
False
40472
119
False
40472
120
False
40472
121
False
40472
122
False
40472
123
False
40472
124
False
40472
125
False
40472
126
False
40472
127
False
40472
128
False
40472
129
False
40472
130
False
40472
131
False
40472
132
False
40472
133
False
40472
134
False
40472
135
False
40472
136
False
40472
137
False
40472
138
False
40472
139
False
40472
140
False
40472
141
False
40472
142
False
40472
143
False
40472
144
False
40472
145
False
40472
146
False
40472
147
False
40472
148
False
40472
149
False
40472
150
False
40472
151
False
40472
152
False
40472
153
False
40472
154
False
40472
155
False
40472
156
False
40472
157
False
40472
158
False
40472
159
False
40472
160
False
40472
161
False
40472
162
False
40472
163
False
40472
164
False
40472
165
False
40472
166
False
40472
167
False
40472
168
False
40472
169
False
40472
170
False
40472
171
False
40472
172
False
40472
173
False
40472
174
False
40472
175
False
40472
176
False
40472
177
False
40472
178
False
40472
179
False
40472
180
False
40472
181
False
40472
182
False
40472
183
False
40472
184
False
40472
185
False
40472
186
False
40472
187
False
40472
188
False
40472
189
False
40472
190
False
40472
191
False
40472
192
False
40472
193
False
40472
194
False
40472
195
False
40472
196
False
40472
197
False
40472
198
False
40472
199
False
40472
200
False
40472
201
False
40472
202
False
40472
203
False
40472
204
False
40472
205
False
40472
206
False
40472
207
False
40472
208
False
40472
209
False
40472
210
False
40472
211
False
40472
212
False
40472
213
False
40472
214
False
40472
215
False
40472
216
False
40472
217
False
40472
218
False
40472
219
False
40472
220
False
40472
221
False
40472
222
False
40472
223
False
40472
224
False
40472
225
False
40472
226
False
40472
227
False
40472
228
False
40472
229
False
40472
230
False
40472
231
False
40472
232
False
40472
233
False
40472
234
False
40472
235
False
40472
236
False
40472
237
False
40472
238
False
40472
239
False
40472
240
False
40472
241
False
40472
242
False
40472
243
False
40472
244
False
40472
245
False
40472
246
False
40472
247
False
40472
248
False
40472
249
False
40472
250
False
40472
251
False
40472
252
False
40472
253
False
40472
254
False
40472
255
False
40472
256
False
40472
257
False
40472
258
False
40472
259
False
40472
260
False
40472
261
False
40472
262
False
40472
263
False
40472
264
False
40472
265
False
40472
266
False
40472
267
False
40472
268
False
40472
269
False
40472
270
False
40472
271
False
40472
272
False
40472
273
False
40472
274
False
40472
275
False
40472
276
False
40472
277
False
40472
278
False
40472
279
False
40472
280
False
40472
281
False
40472
282
False
40472
283
False
40472
284
False
40472
285
False
40472
286
False
40472
287
False
40472
288
False
40472
289
False
40472
290
False
40472
291
False
40472
292
False
40472
293
False
40472
294
False
40472
295
False
40472
296
False
40472
297
False
40472
298
False
40472
299
False
40472
300
False
40472
301
False
40472
302
False
40472
303
False
40472
304
False
40472
305
False
40472
306
False
40472
307
False
40472
308
False
40472
309
False
40472
310
False
40472
311
False
40472
312
False
40472
313
False
40472
314
False
40472
315
False
40472
316
False
40472
317
False
40472
318
False
40472
319
False
40472
320
False
40472
321
False
40472
322
False
40472
323
False
40472
324
False
40472
325
False
40472
326
False
40472
327
False
40472
328
False
40472
329
False
40472
330
False
40472
331
False
40472
332
False
40472
333
False
40472
334
False
40472
335
False
40472
336
False
40472
337
False
40472
338
False
40472
339
False
40472
340
False
40472
341
False
40472
342
False
40472
343
False
40472
344
False
40472
345
False
40472
346
False
40472
347
False
40472
348
False
40472
349
False
40472
350
False
40472
351
False
40472
352
False
40472
353
False
40472
354
False
40472
355
False
40472
356
False
40472
357
False
40472
358
False
40472
359
False
40472
360
False
40472
361
False
40472
362
False
40472
363
False
40472
364
False
40472
365
False
40472
366
False
40472
367
False
40472
368
False
40472
369
False
40472
370
False
40472
371
False
40472
372
False
40472
373
False
40472
374
False
40472
375
False
40472
376
False
40472
377
False
40472
378
False
40472
379
False
40472
380
False
40472
381
False
40472
382
False
40472
383
False
40472
384
False
40472
385
False
40472
386
False
40472
387
False
40472
388
False
40472
389
False
40472
390
False
40472
391
False
40472
392
False
40472
393
False
40472
394
False
40472
395
False
40472
396
False
40472
397
False
40472
398
False
40472
399
False
40472
400
False
40472
401
False
40472
402
False
40472
403
False
40472
404
False
40472
405
False
40472
406
False
40472
407
False
40472
408
False
40472
409
False
40472
410
False
40472
411
False
40472
412
False
40472
413
False
40472
414
False
40472
415
False
40472
416
False
40472
417
False
40472
418
False
40472
419
False
40472
420
False
40472
421
False
40472
422
False
40472
423
False
40472
424
False
40472
425
False
40472
426
False
40472
427
False
40472
428
False
40472
429
False
40472
430
False
40472
431
False
40472
432
False
40472
433
False
40472
434
False
40472
435
False
40472
436
False
40472
437
False
40472
438
False
40472
439
False
40472
440
False
40472
441
False
40472
442
False
40472
443
False
40472
444
False
40472
445
False
40472
446
False
40472
447
False
40472
448
False
40472
449
False
40472
450
False
40472
451
False
40472
452
False
40472
453
False
40472
454
False
40472
455
False
40472
456
False
40472
457
False
40472
458
False
40472
459
False
40472
460
False
40472
461
False
40472
462
False
40472
463
False
40472
464
False
40472
465
False
40472
466
False
40472
467
False
40472
468
False
40472
469
False
40472
470
False
40472
471
False
40472
472
False
40472
473
False
40472
474
False
40472
475
False
40472
476
False
40472
477
False
40472
478
False
40472
479
False
40472
480
False
40472
481
False
40472
482
False
40472
483
False
40472
484
False
40472
485
False
40472
486
False
40472
487
False
40472
488
False
40472
489
False
40472
490
False
40472
491
False
40472
492
False
40472
493
False
40472
494
False
40472
495
False
40472
496
False
40472
497
False
40472
498
False
40472
499
False
40472
500
False
40472
501
False
40472
502
False
40472
503
False
40472
504
False
40472
505
False
40472
506
False
40472
507
False
40472
508
False
40472
509
False
40472
510
False
40472
511
False
40472
512
False
40472
513
False
40472
514
False
40472
515
False
40472
516
False
40472
517
False
40472
518
False
40472
519
False
40472
520
False
40472
521
False
40472
522
False
40472
523
False
40472
524
False
40472
525
False
40472
526
False
40472
527
False
40472
528
False
40472
529
False
40472
530
False
40472
531
False
40472
532
False
40472
533
False
40472
534
False
40472
535
False
40472
536
False
40472
537
False
40472
538
False
40472
539
False
40472
540
False
40472
541
False
40472
542
False
40472
543
False
40472
544
False
40472
545
False
40472
546
False
40472
547
False
40472
548
False
40472
549
False
40472
550
False
40472
551
False
40472
552
False
40472
553
False
40472
554
False
40472
555
False
40472
556
False
40472
557
False
40472
558
False
40472
559
False
40472
560
False
40472
561
False
40472
562
False
40472
563
False
40472
564
False
40472
565
False
40472
566
False
40472
567
False
40472
568
False
40472
569
False
40472
570
False
40472
571
False
40472
572
False
40472
573
False
40472
574
False
40472
575
False
40472
576
False
40472
577
False
40472
578
False
40472
579
False
40472
580
False
40472
581
False
40472
582
False
40472
583
False
40472
584
False
40472
585
False
40472
586
False
40472
587
False
40472
588
False
40472
589
False
40472
590
False
40472
591
False
40472
592
False
40472
593
False
40472
594
False
40472
595
False
40472
596
False
40472
597
False
40472
598
False
40472
599
False
40472
600
False
40472
601
False
40472
602
False
40472
603
False
40472
604
False
40472
605
False
40472
606
False
40472
607
False
40472
608
False
40472
609
False
40472
610
False
40472
611
False
40472
612
False
40472
613
False
40472
614
False
40472
615
False
40472
616
False
40472
617
False
40472
618
False
40472
619
False
40472
620
False
40472
621
False
40472
622
False
40472
623
False
40472
624
False
40472
625
False
40472
626
False
40472
627
False
40472
628
False
40472
629
False
40472
630
False
40472
631
False
40472
632
False
40472
633
False
40472
634
False
40472
635
False
40472
636
False
40472
637
False
40472
638
False
40472
639
False
40472
640
False
40472
641
False
40472
642
False
40472
643
False
40472
644
False
40472
645
False
40472
646
False
40472
647
False
40472
648
False
40472
649
False
40472
650
False
40472
651
False
40472
652
False
40472
653
False
40472
654
False
40472
655
False
40472
656
False
40472
657
False
40472
658
False
40472
659
False
40472
660
False
40472
661
False
40472
662
False
40472
663
False
40472
664
False
40472
665
False
40472
666
False
40472
667
False
40472
668
False
40472
669
False
40472
670
False
40472
671
False
40472
672
False
40472
673
False
40472
674
False
40472
675
False
40472
676
False
40472
677
False
40472
678
False
40472
679
False
40472
680
False
40472
681
False
40472
682
False
40472
683
False
40472
684
False
40472
685
False
40472
686
False
40472
687
False
40472
688
False
40472
689
False
40472
690
False
40472
691
False
40472
692
False
40472
693
False
40472
694
False
40472
695
False
40472
696
False
40472
697
False
40472
698
False
40472
699
False
40472
700
False
40472
701
False
40472
702
False
40472
703
False
40472
704
False
40472
705
False
40472
706
False
40472
707
False
40472
708
False
40472
709
False
40472
710
False
40472
711
False
40472
712
False
40472
713
False
40472
714
False
40472
715
False
40472
716
False
40472
717
False
40472
718
False
40472
719
False
40472
720
False
40472
721
False
40472
722
False
40472
723
False
40472
724
False
40472
725
False
40472
726
False
40472
727
False
40472
728
False
40472
729
False
40472
730
False
40472
731
False
40472
732
False
40472
733
False
40472
734
False
40472
735
False
40472
736
False
40472
737
False
40472
738
False
40472
739
False
40472
740
False
40472
741
False
40472
742
False
40472
743
False
40472
744
False
40472
745
False
40472
746
False
40472
747
False
40472
748
False
40472
749
False
40472
750
False
40472
751
False
40472
752
False
40472
753
False
40472
754
False
40472
755
False
40472
756
False
40472
757
False
40472
758
False
40472
759
False
40472
760
False
40472
761
False
40472
762
False
40472
763
False
40472
764
False
40472
765
False
40472
766
False
40472
767
False
40472
768
False
40472
769
False
40472
770
False
40472
771
False
40472
772
False
40472
773
False
40472
774
False
40472
775
False
40472
776
False
40472
777
False
40472
778
False
40472
779
False
40472
780
False
40472
781
False
40472
782
False
40472
783
False
40472
784
False
40472
785
False
40472
786
False
40472
787
False
40472
788
False
40472
789
False
40472
790
False
40472
791
False
40472
792
False
40472
793
False
40472
794
False
40472
795
False
40472
796
False
40472
797
False
40472
798
False
40472
799
False
40472
800
False
40472
801
False
40472
802
False
40472
803
False
40472
804
False
40472
805
False
40472
806
False
40472
807
False
40472
808
False
40472
809
False
40472
810
False
40472
811
False
40472
812
False
40472
813
False
40472
814
False
40472
815
False
40472
816
False
40472
817
False
40472
818
False
40472
819
False
40472
820
False
40472
821
False
40472
822
False
40472
823
False
40472
824
False
40472
825
False
40472
826
False
40472
827
False
40472
828
False
40472
829
False
40472
830
False
40472
831
False
40472
832
False
40472
833
False
40472
834
False
40472
835
False
40472
836
False
40472
837
False
40472
838
False
40472
839
False
40472
840
False
40472
841
False
40472
842
False
40472
843
False
40472
844
False
40472
845
False
40472
846
False
40472
847
False
40472
848
False
40472
849
False
40472
850
False
40472
851
False
40472
852
False
40472
853
False
40472
854
False
40472
855
False
40472
856
False
40472
857
False
40472
858
False
40472
859
False
40472
860
False
40472
861
False
40472
862
False
40472
863
False
40472
864
False
40472
865
False
40472
866
False
40472
867
False
40472
868
False
40472
869
False
40472
870
False
40472
871
False
40472
872
False
40472
873
False
40472
874
False
40472
875
False
40472
876
False
40472
877
False
40472
878
False
40472
879
False
40472
880
False
40472
881
False
40472
882
False
40472
883
False
40472
884
False
40472
885
False
40472
886
False
40472
887
False
40472
888
False
40472
889
False
40472
890
False
40472
891
False
40472
892
False
40472
893
False
40472
894
False
40472
895
False
40472
896
False
40472
897
False
40472
898
False
40472
899
False
40472
900
False
40472
901
False
40472
902
False
40472
903
False
40472
904
False
40472
905
False
40472
906
False
40472
907
False
40472
908
False
40472
909
False
40472
910
False
40472
911
False
40472
912
False
40472
913
False
40472
914
False
40472
915
False
40472
916
False
40472
917
False
40472
918
False
40472
919
False
40472
920
False
40472
921
False
40472
922
False
40472
923
False
40472
924
False
40472
925
False
40472
926
False
40472
927
False
40472
928
False
40472
929
False
40472
930
False
40472
931
False
40472
932
False
40472
933
False
40472
934
False
40472
935
False
40472
936
False
40472
937
False
40472
938
False
40472
939
False
40472
940
False
40472
941
False
40472
942
False
40472
943
False
40472
944
False
40472
945
False
40472
946
False
40472
947
False
40472
948
False
40472
949
False
40472
950
False
40472
951
False
40472
952
False
40472
953
False
40472
954
False
40472
955
False
40472
956
False
40472
957
False
40472
958
False
40472
959
False
40472
960
False
40472
961
False
40472
962
False
40472
963
False
40472
964
False
40472
965
False
40472
966
False
40472
967
False
40472
968
False
40472
969
False
40472
970
False
40472
971
False
40472
972
False
40472
973
False
40472
974
False
40472
975
False
40472
976
False
40472
977
False
40472
978
False
40472
979
False
40472
980
False
40472
981
False
40472
982
False
40472
983
False
40472
984
False
40472
985
False
40472
986
False
40472
987
False
40472
988
False
40472
989
False
40472
990
False
40472
991
False
40472
992
False
40472
993
False
40472
994
False
40472
995
False
40472
996
False
40472
997
False
40472
998
False
40472
999
False
40472
1000
False
40472
1001
False
40472
1002
False
40472
1003
False
40472
1004
False
40472
1005
False
40472
1006
False
40472
1007
False
40472
1008
False
40472
1009
False
40472
1010
False
40472
1011
False
40472
1012
False
40472
1013
False
40472
1014
False
40472
1015
False
40472
1016
False
40472
1017
False
40472
1018
False
40472
1019
False
40472
1020
False
40472
1021
False
40472
1022
False
40472
1023
False
40472
1024
False
40472
1025
False
40472
1026
False
40472
1027
False
40472
1028
False
40472
1029
False
40472
1030
False
40472
1031
False
40472
1032
False
40472
1033
False
40472
1034
False
40472
1035
False
40472
1036
False
40472
1037
False
40472
1038
False
40472
1039
False
40472
1040
False
40472
1041
False
40472
1042
False
40472
1043
False
40472
1044
False
40472
1045
False
40472
1046
False
40472
1047
False
40472
1048
False
40472
1049
False
40472
1050
False
40472
1051
False
40472
1052
False
40472
1053
False
40472
1054
False
40472
1055
False
40472
1056
False
40472
1057
False
40472
1058
False
40472
1059
False
40472
1060
False
40472
1061
False
40472
1062
False
40472
1063
False
40472
1064
False
40472
1065
False
40472
1066
False
40472
1067
False
40472
1068
False
40472
1069
False
40472
1070
False
40472
1071
False
40472
1072
False
40472
1073
False
40472
1074
False
40472
1075
False
40472
1076
False
40472
1077
False
40472
1078
False
40472
1079
False
40472
1080
False
40472
1081
False
40472
1082
False
40472
1083
False
40472
1084
False
40472
1085
False
40472
1086
False
40472
1087
False
40472
1088
False
40472
1089
False
40472
1090
False
40472
1091
False
40472
1092
False
40472
1093
False
40472
1094
False
40472
1095
False
40472
1096
False
40472
1097
False
40472
1098
False
40472
1099
False
40472
1100
False
40472
1101
False
40472
1102
False
40472
1103
False
40472
1104
False
40472
1105
False
40472
1106
False
40472
1107
False
40472
1108
False
40472
1109
False
40472
1110
False
40472
1111
False
40472
1112
False
40472
1113
False
40472
1114
False
40472
1115
False
40472
1116
False
40472
1117
False
40472
1118
False
40472
1119
False
40472
1120
False
40472
1121
False
40472
1122
False
40472
1123
False
40472
1124
False
40472
1125
False
40472
1126
False
40472
1127
False
40472
1128
False
40472
1129
False
40472
1130
False
40472
1131
False
40472
1132
False
40472
1133
False
40472
1134
False
40472
1135
False
40472
1136
False
40472
1137
False
40472
1138
False
40472
1139
False
40472
1140
False
40472
1141
False
40472
1142
False
40472
1143
False
40472
1144
False
40472
1145
False
40472
1146
False
40472
1147
False
40472
1148
False
40472
1149
False
40472
1150
False
40472
1151
False
40472
1152
False
40472
1153
False
40472
1154
False
40472
1155
False
40472
1156
False
40472
1157
False
40472
1158
False
40472
1159
False
40472
1160
False
40472
1161
False
40472
1162
False
40472
1163
False
40472
1164
False
40472
1165
False
40472
1166
False
40472
1167
False
40472
1168
False
40472
1169
False
40472
1170
False
40472
1171
False
40472
1172
False
40472
1173
False
40472
1174
False
40472
1175
False
40472
1176
False
40472
1177
False
40472
1178
False
40472
1179
False
40472
1180
False
40472
1181
False
40472
1182
False
40472
1183
False
40472
1184
False
40472
1185
False
40472
1186
False
40472
1187
False
40472
1188
False
40472
1189
False
40472
1190
False
40472
1191
False
40472
1192
False
40472
1193
False
40472
1194
False
40472
1195
False
40472
1196
False
40472
1197
False
40472
1198
False
40472
1199
False
40472
1200
False
40472
1201
False
40472
1202
False
40472
1203
False
40472
1204
False
40472
1205
False
40472
1206
False
40472
1207
False
40472
1208
False
40472
1209
False
40472
1210
False
40472
1211
False
40472
1212
False
40472
1213
False
40472
1214
False
40472
1215
False
40472
1216
False
40472
1217
False
40472
1218
False
40472
1219
False
40472
1220
False
40472
1221
False
40472
1222
False
40472
1223
False
40472
1224
False
40472
1225
False
40472
1226
False
40472
1227
False
40472
1228
False
40472
1229
False
40472
1230
False
40472
1231
False
40472
1232
False
40472
1233
False
40472
1234
False
40472
1235
False
40472
1236
False
40472
1237
False
40472
1238
False
40472
1239
False
40472
1240
False
40472
1241
False
40472
1242
False
40472
1243
False
40472
1244
False
40472
1245
False
40472
1246
False
40472
1247
False
40472
1248
False
40472
1249
False
40472
1250
False
40472
1251
False
40472
1252
False
40472
1253
False
40472
1254
False
40472
1255
False
40472
1256
False
40472
1257
False
40472
1258
False
40472
1259
False
40472
1260
False
40472
1261
False
40472
1262
False
40472
1263
False
40472
1264
False
40472
1265
False
40472
1266
False
40472
1267
False
40472
1268
False
40472
1269
False
40472
1270
False
40472
1271
False
40472
1272
False
40472
1273
False
40472
1274
False
40472
1275
False
40472
1276
False
40472
1277
False
40472
1278
False
40472
1279
False
40472
1280
False
40472
1281
False
40472
1282
False
40472
1283
False
40472
1284
False
40472
1285
False
40472
1286
False
40472
1287
False
40472
1288
False
40472
1289
False
40472
1290
False
40472
1291
False
40472
1292
False
40472
1293
False
40472
1294
False
40472
1295
False
40472
1296
False
40472
1297
False
40472
1298
False
40472
1299
False
40472
1300
False
40472
1301
False
40472
1302
False
40472
1303
False
40472
1304
False
40472
1305
False
40472
1306
False
40472
1307
False
40472
1308
False
40472
1309
False
40472
1310
False
40472
1311
False
40472
1312
False
40472
1313
False
40472
1314
False
40472
1315
False
40472
1316
False
40472
1317
False
40472
1318
False
40472
1319
False
40472
1320
False
40472
1321
False
40472
1322
False
40472
1323
False
40472
1324
False
40472
1325
False
40472
1326
False
40472
1327
False
40472
1328
False
40472
1329
False
40472
1330
False
40472
1331
False
40472
1332
False
40472
1333
False
40472
1334
False
40472
1335
False
40472
1336
False
40472
1337
False
40472
1338
False
40472
1339
False
40472
1340
False
40472
1341
False
40472
1342
False
40472
1343
False
40472
1344
False
40472
1345
False
40472
1346
False
40472
1347
False
40472
1348
False
40472
1349
False
40472
1350
False
40472
1351
False
40472
1352
False
40472
1353
False
40472
1354
False
40472
1355
False
40472
1356
False
40472
1357
False
40472
1358
False
40472
1359
False
40472
1360
False
40472
1361
False
40472
1362
False
40472
1363
False
40472
1364
False
40472
1365
False
40472
1366
False
40472
1367
False
40472
1368
False
40472
1369
False
40472
1370
False
40472
1371
False
40472
1372
False
40472
1373
False
40472
1374
False
40472
1375
False
40472
1376
False
40472
1377
False
40472
1378
False
40472
1379
False
40472
1380
False
40472
1381
False
40472
1382
False
40472
1383
False
40472
1384
False
40472
1385
False
40472
1386
False
40472
1387
False
40472
1388
False
40472
1389
False
40472
1390
False
40472
1391
False
40472
1392
False
40472
1393
False
40472
1394
False
40472
1395
False
40472
1396
False
40472
1397
False
40472
1398
False
40472
1399
False
40472
1400
False
40472
1401
False
40472
1402
False
40472
1403
False
40472
1404
False
40472
1405
False
40472
1406
False
40472
1407
False
40472
1408
False
40472
1409
False
40472
1410
False
40472
1411
False
40472
1412
False
40472
1413
False
40472
1414
False
40472
1415
False
40472
1416
False
40472
1417
False
40472
1418
False
40472
1419
False
40472
1420
False
40472
1421
False
40472
1422
False
40472
1423
False
40472
1424
False
40472
1425
False
40472
1426
False
40472
1427
False
40472
1428
False
40472
1429
False
40472
1430
False
40472
1431
False
40472
1432
False
40472
1433
False
40472
1434
False
40472
1435
False
40472
1436
False
40472
1437
False
40472
1438
False
40472
1439
False
40472
1440
False
40472
1441
False
40472
1442
False
40472
1443
False
40472
1444
False
40472
1445
False
40472
1446
False
40472
1447
False
40472
1448
False
40472
1449
False
40472
1450
False
40472
1451
False
40472
1452
False
40472
1453
False
40472
1454
False
40472
1455
False
40472
1456
False
40472
1457
False
40472
1458
False
40472
1459
False
40472
1460
False
40472
1461
False
40472
1462
False
40472
1463
False
40472
1464
False
40472
1465
False
40472
1466
False
40472
1467
False
40472
1468
False
40472
1469
False
40472
1470
False
40472
1471
False
40472
1472
False
40472
1473
False
40472
1474
False
40472
1475
False
40472
1476
False
40472
1477
False
40472
1478
False
40472
1479
False
40472
1480
False
40472
1481
False
40472
1482
False
40472
1483
False
40472
1484
False
40472
1485
False
40472
1486
False
40472
1487
False
40472
1488
False
40472
1489
False
40472
1490
False
40472
1491
False
40472
1492
False
40472
1493
False
40472
1494
False
40472
1495
False
40472
1496
False
40472
1497
False
40472
1498
False
40472
1499
False
40472
1500
False
40472
1501
False
40472
1502
False
40472
1503
False
40472
1504
False
40472
1505
False
40472
1506
False
40472
1507
False
40472
1508
False
40472
1509
False
40472
1510
False
40472
1511
False
40472
1512
False
40472
1513
False
40472
1514
False
40472
1515
False
40472
1516
False
40472
1517
False
40472
1518
False
40472
1519
False
40472
1520
False
40472
1521
False
40472
1522
False
40472
1523
False
40472
1524
False
40472
1525
False
40472
1526
False
40472
1527
False
40472
1528
False
40472
1529
False
40472
1530
False
40472
1531
False
40472
1532
False
40472
1533
False
40472
1534
False
40472
1535
False
40472
1536
False
40472
1537
False
40472
1538
False
40472
1539
False
40472
1540
False
40472
1541
False
40472
1542
False
40472
1543
False
40472
1544
False
40472
1545
False
40472
1546
False
40472
1547
False
40472
1548
False
40472
1549
False
40472
1550
False
40472
1551
False
40472
1552
False
40472
1553
False
40472
1554
False
40472
1555
False
40472
1556
False
40472
1557
False
40472
1558
False
40472
1559
False
40472
1560
False
40472
1561
False
40472
1562
False
40472
1563
False
40472
1564
False
40472
1565
False
40472
1566
False
40472
1567
False
40472
1568
False
40472
1569
False
40472
1570
False
40472
1571
False
40472
1572
False
40472
1573
False
40472
1574
False
40472
1575
False
40472
1576
False
40472
1577
False
40472
1578
False
40472
1579
False
40472
1580
False
40472
1581
False
40472
1582
False
40472
1583
False
40472
1584
False
40472
1585
False
40472
1586
False
40472
1587
False
40472
1588
False
40472
1589
False
40472
1590
False
40472
1591
False
40472
1592
False
40472
1593
False
40472
1594
False
40472
1595
False
40472
1596
False
40472
1597
False
40472
1598
False
40472
1599
False
40472
1600
False
40472
1601
False
40472
1602
False
40472
1603
False
40472
1604
False
40472
1605
False
40472
1606
False
40472
1607
False
40472
1608
False
40472
1609
False
40472
1610
False
40472
1611
False
40472
1612
False
40472
1613
False
40472
1614
False
40472
1615
False
40472
1616
False
40472
1617
False
40472
1618
False
40472
1619
False
40472
1620
False
40472
1621
False
40472
1622
False
40472
1623
False
40472
1624
False
40472
1625
False
40472
1626
False
40472
1627
False
40472
1628
False
40472
1629
False
40472
1630
False
40472
1631
False
40472
1632
False
40472
1633
False
40472
1634
False
40472
1635
False
40472
1636
False
40472
1637
False
40472
1638
False
40472
1639
False
40472
1640
False
40472
1641
False
40472
1642
False
40472
1643
False
40472
1644
False
40472
1645
False
40472
1646
False
40472
1647
False
40472
1648
False
40472
1649
False
40472
1650
False
40472
1651
False
40472
1652
False
40472
1653
False
40472
1654
False
40472
1655
False
40472
1656
False
40472
1657
False
40472
1658
False
40472
1659
False
40472
1660
False
40472
1661
False
40472
1662
False
40472
1663
False
40472
1664
False
40472
1665
False
40472
1666
False
40472
1667
False
40472
1668
False
40472
1669
False
40472
1670
False
40472
1671
False
40472
1672
False
40472
1673
False
40472
1674
False
40472
1675
False
40472
1676
False
40472
1677
False
40472
1678
False
40472
1679
False
40472
1680
False
40472
1681
False
40472
1682
False
40472
1683
False
40472
1684
False
40472
1685
False
40472
1686
False
40472
1687
False
40472
1688
False
40472
1689
False
40472
1690
False
40472
1691
False
40472
1692
False
40472
1693
False
40472
1694
False
40472
1695
False
40472
1696
False
40472
1697
False
40472
1698
False
40472
1699
False
40472
1700
False
40472
1701
False
40472
1702
False
40472
1703
False
40472
1704
False
40472
1705
False
40472
1706
False
40472
1707
False
40472
1708
False
40472
1709
False
40472
1710
False
40472
1711
False
40472
1712
False
40472
1713
False
40472
1714
False
40472
1715
False
40472
1716
False
40472
1717
False
40472
1718
False
40472
1719
False
40472
1720
False
40472
1721
False
40472
1722
False
40472
1723
False
40472
1724
False
40472
1725
False
40472
1726
False
40472
1727
False
40472
1728
False
40472
1729
False
40472
1730
False
40472
1731
False
40472
1732
False
40472
1733
False
40472
1734
False
40472
1735
False
40472
1736
False
40472
1737
False
40472
1738
False
40472
1739
False
40472
1740
False
40472
1741
False
40472
1742
False
40472
1743
False
40472
1744
False
40472
1745
False
40472
1746
False
40472
1747
False
40472
1748
False
40472
1749
False
40472
1750
False
40472
1751
False
40472
1752
False
40472
1753
False
40472
1754
False
40472
1755
False
40472
1756
False
40472
1757
False
40472
1758
False
40472
1759
False
40472
1760
False
40472
1761
False
40472
1762
False
40472
1763
False
40472
1764
False
40472
1765
False
40472
1766
False
40472
1767
False
40472
1768
False
40472
1769
False
40472
1770
False
40472
1771
False
40472
1772
False
40472
1773
False
40472
1774
False
40472
1775
False
40472
1776
False
40472
1777
False
40472
1778
False
40472
1779
False
40472
1780
False
40472
1781
False
40472
1782
False
40472
1783
False
40472
1784
False
40472
1785
False
40472
1786
False
40472
1787
False
40472
1788
False
40472
1789
False
40472
1790
False
40472
1791
False
40472
1792
False
40472
1793
False
40472
1794
False
40472
1795
False
40472
1796
False
40472
1797
False
40472
1798
False
40472
1799
False
40472
1800
False
40472
1801
False
40472
1802
False
40472
1803
False
40472
1804
False
40472
1805
False
40472
1806
False
40472
1807
False
40472
1808
False
40472
1809
False
40472
1810
False
40472
1811
False
40472
1812
False
40472
1813
False
40472
1814
False
40472
1815
False
40472
1816
False
40472
1817
False
40472
1818
False
40472
1819
False
40472
1820
False
40472
1821
False
40472
1822
False
40472
1823
False
40472
1824
False
40472
1825
False
40472
1826
False
40472
1827
False
40472
1828
False
40472
1829
False
40472
1830
False
40472
1831
False
40472
1832
False
40472
1833
False
40472
1834
False
40472
1835
False
40472
1836
False
40472
1837
False
40472
1838
False
40472
1839
False
40472
1840
False
40472
1841
False
40472
1842
False
40472
1843
False
40472
1844
False
40472
1845
False
40472
1846
False
40472
1847
False
40472
1848
False
40472
1849
False
40472
1850
False
40472
1851
False
40472
1852
False
40472
1853
False
40472
1854
False
40472
1855
False
40472
1856
False
40472
1857
False
40472
1858
False
40472
1859
False
40472
1860
False
40472
1861
False
40472
1862
False
40472
1863
False
40472
1864
False
40472
1865
False
40472
1866
False
40472
1867
False
40472
1868
False
40472
1869
False
40472
1870
False
40472
1871
False
40472
1872
False
40472
1873
False
40472
1874
False
40472
1875
False
40472
1876
False
40472
1877
False
40472
1878
False
40472
1879
False
40472
1880
False
40472
1881
False
40472
1882
False
40472
1883
False
40472
1884
False
40472
1885
False
40472
1886
False
40472
1887
False
40472
1888
False
40472
1889
False
40472
1890
False
40472
1891
False
40472
1892
False
40472
1893
False
40472
1894
False
40472
1895
False
40472
1896
False
40472
1897
False
40472
1898
False
40472
1899
False
40472
1900
False
40472
1901
False
40472
1902
False
40472
1903
False
40472
1904
False
40472
1905
False
40472
1906
False
40472
1907
False
40472
1908
False
40472
1909
False
40472
1910
False
40472
1911
False
40472
1912
False
40472
1913
False
40472
1914
False
40472
1915
False
40472
1916
False
40472
1917
False
40472
1918
False
40472
1919
False
40472
1920
False
40472
1921
False
40472
1922
False
40472
1923
False
40472
1924
False
40472
1925
False
40472
1926
False
40472
1927
False
40472
1928
False
40472
1929
False
40472
1930
False
40472
1931
False
40472
1932
False
40472
1933
False
40472
1934
False
40472
1935
False
40472
1936
False
40472
1937
False
40472
1938
False
40472
1939
False
40472
1940
False
40472
1941
False
40472
1942
False
40472
1943
False
40472
1944
False
40472
1945
False
40472
1946
False
40472
1947
False
40472
1948
False
40472
1949
False
40472
1950
False
40472
1951
False
40472
1952
False
40472
1953
False
40472
1954
False
40472
1955
False
40472
1956
False
40472
1957
False
40472
1958
False
40472
1959
False
40472
1960
False
40472
1961
False
40472
1962
False
40472
1963
False
40472
1964
False
40472
1965
False
40472
1966
False
40472
1967
False
40472
1968
False
40472
1969
False
40472
1970
False
40472
1971
False
40472
1972
False
40472
1973
False
40472
1974
False
40472
1975
False
40472
1976
False
40472
1977
False
40472
1978
False
40472
1979
False
40472
1980
False
40472
1981
False
40472
1982
False
40472
1983
False
40472
1984
False
40472
1985
False
40472
1986
False
40472
1987
False
40472
1988
False
40472
1989
False
40472
1990
False
40472
1991
False
40472
1992
False
40472
1993
False
40472
1994
False
40472
1995
False
40472
1996
False
40472
1997
False
40472
1998
False
40472
1999
False
40472
2000
False
40472
2001
False
40472
2002
False
40472
2003
False
40472
2004
False
40472
2005
False
40472
2006
False
40472
2007
False
40472
2008
False
40472
2009
False
40472
2010
False
40472
2011
False
40472
2012
False
40472
2013
False
40472
2014
False
40472
2015
False
40472
2016
False
40472
2017
False
40472
2018
False
40472
2019
False
40472
2020
False
40472
2021
False
40472
2022
False
40472
2023
False
40472
2024
False
40472
2025
False
40472
2026
False
40472
2027
False
40472
2028
False
40472
2029
False
40472
2030
False
40472
2031
False
40472
2032
False
40472
2033
False
40472
2034
False
40472
2035
False
40472
2036
False
40472
2037
False
40472
2038
False
40472
2039
False
40472
2040
False
40472
2041
False
40472
2042
False
40472
2043
False
40472
2044
False
40472
2045
False
40472
2046
False
40472
2047
False
40472
2048
False
40472
2049
False
40472
2050
False
40472
2051
False
40472
2052
False
40472
2053
False
40472
2054
False
40472
2055
False
40472
2056
False
40472
2057
False
40472
2058
False
40472
2059
False
40472
2060
False
40472
2061
False
40472
2062
False
40472
2063
False
40472
2064
False
40472
2065
False
40472
2066
False
40472
2067
False
40472
2068
False
40472
2069
False
40472
2070
False
40472
2071
False
40472
2072
False
40472
2073
False
40472
2074
False
40472
2075
False
40472
2076
False
40472
2077
False
40472
2078
False
40472
2079
False
40472
2080
False
40472
2081
False
40472
2082
False
40472
2083
False
40472
2084
False
40472
2085
False
40472
2086
False
40472
2087
False
40472
2088
False
40472
2089
False
40472
2090
False
40472
2091
False
40472
2092
False
40472
2093
False
40472
2094
False
40472
2095
False
40472
2096
False
40472
2097
False
40472
2098
False
40472
2099
False
40472
2100
False
40472
2101
False
40472
2102
False
40472
2103
False
40472
2104
False
40472
2105
False
40472
2106
False
40472
2107
False
40472
2108
False
40472
2109
False
40472
2110
False
40472
2111
False
40472
2112
False
40472
2113
False
40472
2114
False
40472
2115
False
40472
2116
False
40472
2117
False
40472
2118
False
40472
2119
False
40472
2120
False
40472
2121
False
40472
2122
False
40472
2123
False
40472
2124
False
40472
2125
False
40472
2126
False
40472
2127
False
40472
2128
False
40472
2129
False
40472
2130
False
40472
2131
False
40472
2132
False
40472
2133
False
40472
2134
False
40472
2135
False
40472
2136
False
40472
2137
False
40472
2138
False
40472
2139
False
40472
2140
False
40472
2141
False
40472
2142
False
40472
2143
False
40472
2144
False
40472
2145
False
40472
2146
False
40472
2147
False
40472
2148
False
40472
2149
False
40472
2150
False
40472
2151
False
40472
2152
False
40472
2153
False
40472
2154
False
40472
2155
False
40472
2156
False
40472
2157
False
40472
2158
False
40472
2159
False
40472
2160
False
40472
2161
False
40472
2162
False
40472
2163
False
40472
2164
False
40472
2165
False
40472
2166
False
40472
2167
False
40472
2168
False
40472
2169
False
40472
2170
False
40472
2171
False
40472
2172
False
40472
2173
False
40472
2174
False
40472
2175
False
40472
2176
False
40472
2177
False
40472
2178
False
40472
2179
False
40472
2180
False
40472
2181
False
40472
2182
False
40472
2183
False
40472
2184
False
40472
2185
False
40472
2186
False
40472
2187
False
40472
2188
False
40472
2189
False
40472
2190
False
40472
2191
False
40472
2192
False
40472
2193
False
40472
2194
False
40472
2195
False
40472
2196
False
40472
2197
False
40472
2198
False
40472
2199
False
40472
2200
False
40472
2201
False
40472
2202
False
40472
2203
False
40472
2204
False
40472
2205
False
40472
2206
False
40472
2207
False
40472
2208
False
40472
2209
False
40472
2210
False
40472
2211
False
40472
2212
False
40472
2213
False
40472
2214
False
40472
2215
False
40472
2216
False
40472
2217
False
40472
2218
False
40472
2219
False
40472
2220
False
40472
2221
False
40472
2222
False
40472
2223
False
40472
2224
False
40472
2225
False
40472
2226
False
40472
2227
False
40472
2228
False
40472
2229
False
40472
2230
False
40472
2231
False
40472
2232
False
40472
2233
False
40472
2234
False
40472
2235
False
40472
2236
False
40472
2237
False
40472
2238
False
40472
2239
False
40472
2240
False
40472
2241
False
40472
2242
False
40472
2243
False
40472
2244
False
40472
2245
False
40472
2246
False
40472
2247
False
40472
2248
False
40472
2249
False
40472
2250
False
40472
2251
False
40472
2252
False
40472
2253
False
40472
2254
False
40472
2255
False
40472
2256
False
40472
2257
False
40472
2258
False
40472
2259
False
40472
2260
False
40472
2261
False
40472
2262
False
40472
2263
False
40472
2264
False
40472
2265
False
40472
2266
False
40472
2267
False
40472
2268
False
40472
2269
False
40472
2270
False
40472
2271
False
40472
2272
False
40472
2273
False
40472
2274
False
40472
2275
False
40472
2276
False
40472
2277
False
40472
2278
False
40472
2279
False
40472
2280
False
40472
2281
False
40472
2282
False
40472
2283
False
40472
2284
False
40472
2285
False
40472
2286
False
40472
2287
False
40472
2288
False
40472
2289
False
40472
2290
False
40472
2291
False
40472
2292
False
40472
2293
False
40472
2294
False
40472
2295
False
40472
2296
False
40472
2297
False
40472
2298
False
40472
2299
False
40472
2300
False
40472
2301
False
40472
2302
False
40472
2303
False
40472
2304
False
40472
2305
False
40472
2306
False
40472
2307
False
40472
2308
False
40472
2309
False
40472
2310
False
40472
2311
False
40472
2312
False
40472
2313
False
40472
2314
False
40472
2315
False
40472
2316
False
40472
2317
False
40472
2318
False
40472
2319
False
40472
2320
False
40472
2321
False
40472
2322
False
40472
2323
False
40472
2324
False
40472
2325
False
40472
2326
False
40472
2327
False
40472
2328
False
40472
2329
False
40472
2330
False
40472
2331
False
40472
2332
False
40472
2333
False
40472
2334
False
40472
2335
False
40472
2336
False
40472
2337
False
40472
2338
False
40472
2339
False
40472
2340
False
40472
2341
False
40472
2342
False
40472
2343
False
40472
2344
False
40472
2345
False
40472
2346
False
40472
2347
False
40472
2348
False
40472
2349
False
40472
2350
False
40472
2351
False
40472
2352
False
40472
2353
False
40472
2354
False
40472
2355
False
40472
2356
False
40472
2357
False
40472
2358
False
40472
2359
False
40472
2360
False
40472
2361
False
40472
2362
False
40472
2363
False
40472
2364
False
40472
2365
False
40472
2366
False
40472
2367
False
40472
2368
False
40472
2369
False
40472
2370
False
40472
2371
False
40472
2372
False
40472
2373
False
40472
2374
False
40472
2375
False
40472
2376
False
40472
2377
False
40472
2378
False
40472
2379
False
40472
2380
False
40472
2381
False
40472
2382
False
40472
2383
False
40472
2384
False
40472
2385
False
40472
2386
False
40472
2387
False
40472
2388
False
40472
2389
False
40472
2390
False
40472
2391
False
40472
2392
False
40472
2393
False
40472
2394
False
40472
2395
False
40472
2396
Traceback (most recent call last):
  File "/home/kaushalp88/projects/sniper/aksharsSnipe.py", line 30, in <module>
    count = sendMessage(count)
  File "/home/kaushalp88/projects/sniper/aksharsSnipe.py", line 19, in sendMessage
    print dict[0]['sections'][1]['openStatus']
IndexError: list index out of range
